2018-01-09 15:54:45 INFO  HomePage:78 - Mousehovered to login button = [[ChromeDriver: chrome on XP (e31f75e8bef7bbc268f823912cdebb1e)] -> xpath: //span[text()='Logga in']]
2018-01-09 15:54:45 INFO  HomePage:81 - Entered the username = [[ChromeDriver: chrome on XP (e31f75e8bef7bbc268f823912cdebb1e)] -> xpath: //input[@name='j_username']]
2018-01-09 15:54:46 INFO  HomePage:83 - Entered the password = [[ChromeDriver: chrome on XP (e31f75e8bef7bbc268f823912cdebb1e)] -> xpath: //input[@name='j_password']]
2018-01-09 15:54:46 INFO  HomePage:85 - Clicked login button = [[ChromeDriver: chrome on XP (e31f75e8bef7bbc268f823912cdebb1e)] -> xpath: //input[@value='Logga in']]
2018-01-09 15:58:46 INFO  TestBase:31 - #######################Starting test to verify login details#####################################
2018-01-09 15:58:47 INFO  HomePage:78 - Mousehovered to login button = [[ChromeDriver: chrome on XP (6ee49a39ebf913d692729c112ae74904)] -> xpath: //span[text()='Logga in']]
2018-01-09 15:58:47 INFO  HomePage:81 - Entered the username = [[ChromeDriver: chrome on XP (6ee49a39ebf913d692729c112ae74904)] -> xpath: //input[@name='j_username']]
2018-01-09 15:58:48 INFO  HomePage:83 - Entered the password = [[ChromeDriver: chrome on XP (6ee49a39ebf913d692729c112ae74904)] -> xpath: //input[@name='j_password']]
2018-01-09 15:58:48 INFO  HomePage:85 - Clicked login button = [[ChromeDriver: chrome on XP (6ee49a39ebf913d692729c112ae74904)] -> xpath: //input[@value='Logga in']]
2018-01-09 15:58:48 INFO  TestBase:34 - #######################Finished test to verify login details#####################################
2018-01-09 16:13:32 INFO  TestBase:31 - #######################Starting test to verify login details#####################################
2018-01-09 16:13:32 INFO  HomePage:79 - Mousehovered to login button = [[ChromeDriver: chrome on XP (63e53c14cb0458a368b1312c29ae2988)] -> xpath: //span[text()='Logga in']]
2018-01-09 16:13:33 INFO  HomePage:82 - Entered the username = [[ChromeDriver: chrome on XP (63e53c14cb0458a368b1312c29ae2988)] -> xpath: //input[@name='j_username']]
2018-01-09 16:13:33 INFO  HomePage:84 - Entered the password = [[ChromeDriver: chrome on XP (63e53c14cb0458a368b1312c29ae2988)] -> xpath: //input[@name='j_password']]
2018-01-09 16:13:33 INFO  HomePage:86 - Clicked login button = [[ChromeDriver: chrome on XP (63e53c14cb0458a368b1312c29ae2988)] -> xpath: //input[@value='Logga in']]
2018-01-09 16:13:48 INFO  HomePage:93 - Mousehovered to login button = Proxy element for: DefaultElementLocator 'By.xpath: //span[text()='Logga in']'
2018-01-09 16:19:18 INFO  TestBase:26 - #######################Starting test to verify User registration details#####################################
2018-01-09 16:19:19 INFO  HomePage:93 - Mousehovered to login button = [[ChromeDriver: chrome on XP (b8f58d89ac87efc0af5111bca2e3c8e7)] -> xpath: //span[text()='Logga in']]
2018-01-09 16:19:34 INFO  HomePage:98 - Clicked register button = Proxy element for: DefaultElementLocator 'By.partialLinkText: Registrera dig här'
2018-01-09 16:19:34 INFO  HomePage:104 - Entered email to register = [[[ChromeDriver: chrome on XP (b8f58d89ac87efc0af5111bca2e3c8e7)] -> xpath: //input[@name='email']], [[ChromeDriver: chrome on XP (b8f58d89ac87efc0af5111bca2e3c8e7)] -> xpath: //input[@name='email']]]
2018-01-09 16:19:35 INFO  HomePage:106 - Rentered email to register = [[ChromeDriver: chrome on XP (b8f58d89ac87efc0af5111bca2e3c8e7)] -> name: email-repeat]
2018-01-09 16:19:35 INFO  HomePage:112 - Entered password to register = [[ChromeDriver: chrome on XP (b8f58d89ac87efc0af5111bca2e3c8e7)] -> xpath: //input[@name='j_password']]
2018-01-09 16:19:36 INFO  HomePage:115 - Checked agree to register = [[ChromeDriver: chrome on XP (b8f58d89ac87efc0af5111bca2e3c8e7)] -> name: i_agree]
2018-01-09 16:33:30 INFO  TestBase:26 - #######################Starting test to verify User registration details#####################################
2018-01-09 16:33:31 INFO  HomePage:90 - Mousehovered to login button = [[ChromeDriver: chrome on XP (7d626e578f3a66f1057761d510bda541)] -> xpath: //span[text()='Logga in']]
2018-01-09 16:33:58 INFO  HomePage:95 - Clicked register button = Proxy element for: DefaultElementLocator 'By.partialLinkText: Registrera dig här'
2018-01-09 16:33:59 INFO  HomePage:101 - Entered email to register = [[[ChromeDriver: chrome on XP (7d626e578f3a66f1057761d510bda541)] -> xpath: //input[@name='email']], [[ChromeDriver: chrome on XP (7d626e578f3a66f1057761d510bda541)] -> xpath: //input[@name='email']]]
2018-01-09 16:33:59 INFO  HomePage:103 - Rentered email to register = [[ChromeDriver: chrome on XP (7d626e578f3a66f1057761d510bda541)] -> name: email-repeat]
2018-01-09 16:34:00 INFO  HomePage:109 - Entered password to register = [[ChromeDriver: chrome on XP (7d626e578f3a66f1057761d510bda541)] -> xpath: //input[@name='j_password']]
2018-01-09 16:34:00 INFO  HomePage:112 - Checked agree to register = [[ChromeDriver: chrome on XP (7d626e578f3a66f1057761d510bda541)] -> name: i_agree]
2018-01-09 16:34:13 INFO  HomePage:114 - clicked the register button = Proxy element for: DefaultElementLocator 'By.partialLinkText: Registrera dig här'
2018-01-09 16:37:51 INFO  TestBase:26 - #######################Starting test to verify User registration details#####################################
2018-01-09 16:37:52 INFO  HomePage:90 - Mousehovered to login button = [[ChromeDriver: chrome on XP (fce62ebe296046c9b17075bf683a1313)] -> xpath: //span[text()='Logga in']]
2018-01-09 16:38:09 INFO  HomePage:95 - Clicked register button = Proxy element for: DefaultElementLocator 'By.partialLinkText: Registrera dig här'
2018-01-09 16:38:10 INFO  HomePage:101 - Entered email to register = [[[ChromeDriver: chrome on XP (fce62ebe296046c9b17075bf683a1313)] -> xpath: //input[@name='email']], [[ChromeDriver: chrome on XP (fce62ebe296046c9b17075bf683a1313)] -> xpath: //input[@name='email']]]
2018-01-09 16:38:11 INFO  HomePage:103 - Rentered email to register = [[ChromeDriver: chrome on XP (fce62ebe296046c9b17075bf683a1313)] -> name: email-repeat]
2018-01-09 16:38:11 INFO  HomePage:109 - Entered password to register = [[ChromeDriver: chrome on XP (fce62ebe296046c9b17075bf683a1313)] -> xpath: //input[@name='j_password']]
2018-01-09 16:38:11 INFO  HomePage:112 - Checked agree to register = [[ChromeDriver: chrome on XP (fce62ebe296046c9b17075bf683a1313)] -> name: i_agree]
2018-01-09 16:38:24 INFO  HomePage:114 - clicked the register button = Proxy element for: DefaultElementLocator 'By.partialLinkText: Registrera dig här'
2018-01-09 16:38:37 INFO  HomePage:116 - clicked the logout button = Proxy element for: DefaultElementLocator 'By.partialLinkText: Registrera dig här'
2018-01-09 16:38:37 INFO  TestBase:31 - #######################Finished test to User registration details#####################################
2018-01-09 16:44:23 INFO  TestBase:27 - #######################Starting test to verify User registration details#####################################
2018-01-09 16:44:24 INFO  HomePage:90 - Mousehovered to login button = [[ChromeDriver: chrome on XP (f112c086e7d6a51629b4f8da6a5d6d40)] -> xpath: //span[text()='Logga in']]
2018-01-09 16:47:13 INFO  TestBase:27 - #######################Starting test to verify User registration details#####################################
2018-01-09 16:47:14 INFO  HomePage:90 - Mousehovered to login button = [[ChromeDriver: chrome on XP (c8c054edeb0793dce4e575ef914c27d5)] -> xpath: //span[text()='Logga in']]
2018-01-09 16:47:54 INFO  HomePage:95 - Clicked register button = Proxy element for: DefaultElementLocator 'By.partialLinkText: Registrera dig här'
2018-01-09 16:47:54 INFO  HomePage:101 - Entered email to register = [[[ChromeDriver: chrome on XP (c8c054edeb0793dce4e575ef914c27d5)] -> xpath: //input[@name='email']], [[ChromeDriver: chrome on XP (c8c054edeb0793dce4e575ef914c27d5)] -> xpath: //input[@name='email']]]
2018-01-09 16:47:55 INFO  HomePage:103 - Rentered email to register = [[ChromeDriver: chrome on XP (c8c054edeb0793dce4e575ef914c27d5)] -> name: email-repeat]
2018-01-09 16:47:55 INFO  HomePage:109 - Entered password to register = [[ChromeDriver: chrome on XP (c8c054edeb0793dce4e575ef914c27d5)] -> xpath: //input[@name='j_password']]
2018-01-09 16:47:56 INFO  HomePage:112 - Checked agree to register = [[ChromeDriver: chrome on XP (c8c054edeb0793dce4e575ef914c27d5)] -> name: i_agree]
2018-01-09 16:48:08 INFO  HomePage:114 - clicked the register button = Proxy element for: DefaultElementLocator 'By.partialLinkText: Registrera dig här'
2018-01-09 16:48:21 INFO  HomePage:116 - clicked the logout button = Proxy element for: DefaultElementLocator 'By.partialLinkText: Registrera dig här'
2018-01-09 16:48:41 INFO  TestBase:32 - #######################Finished test to User registration details#####################################
2018-01-09 17:18:22 INFO  TestBase:31 - #######################Starting test to verify login details#####################################
2018-01-09 17:18:23 INFO  HomePage:77 - Mousehovered to login button = [[ChromeDriver: chrome on XP (d532c3d8c8a1770bb8c01cf9d4dcfd17)] -> xpath: //span[text()='Logga in']]
2018-01-09 17:18:23 INFO  HomePage:80 - Entered the username = [[ChromeDriver: chrome on XP (d532c3d8c8a1770bb8c01cf9d4dcfd17)] -> xpath: //input[@name='j_username']]
2018-01-09 17:18:23 INFO  HomePage:82 - Entered the password = [[ChromeDriver: chrome on XP (d532c3d8c8a1770bb8c01cf9d4dcfd17)] -> xpath: //input[@name='j_password']]
2018-01-09 17:18:24 INFO  HomePage:84 - Clicked login button = [[ChromeDriver: chrome on XP (d532c3d8c8a1770bb8c01cf9d4dcfd17)] -> xpath: //input[@value='Logga in']]
2018-01-09 17:18:24 INFO  TestBase:35 - #######################Finished test to verify login details#####################################
2018-01-09 17:19:58 INFO  TestBase:42 - Creating object of chrome
2018-01-09 17:20:00 INFO  TestBase:60 - Navigating to https://uat-lw-se.lenslogistics.com/
2018-01-09 17:20:04 INFO  TestBase:31 - #######################Starting test to verify login details#####################################
2018-01-09 17:20:05 INFO  HomePage:77 - Mousehovered to login button = [[ChromeDriver: chrome on XP (92b50ca5ad3912f4110e9e63b4d4add2)] -> xpath: //span[text()='Logga in']]
2018-01-09 17:20:06 INFO  HomePage:80 - Entered the username = [[ChromeDriver: chrome on XP (92b50ca5ad3912f4110e9e63b4d4add2)] -> xpath: //input[@name='j_username']]
2018-01-09 17:20:06 INFO  HomePage:82 - Entered the password = [[ChromeDriver: chrome on XP (92b50ca5ad3912f4110e9e63b4d4add2)] -> xpath: //input[@name='j_password']]
2018-01-09 17:20:07 INFO  HomePage:84 - Clicked login button = [[ChromeDriver: chrome on XP (92b50ca5ad3912f4110e9e63b4d4add2)] -> xpath: //input[@value='Logga in']]
2018-01-09 17:20:07 INFO  TestBase:35 - #######################Finished test to verify login details#####################################
2018-01-09 17:20:07 INFO  TestBase:27 - #######################Starting test to verify User registration details#####################################
2018-01-09 17:20:07 INFO  HomePage:90 - Mousehovered to login button = [[ChromeDriver: chrome on XP (b3602a8ad0babf6c7f0987667757d492)] -> xpath: //span[text()='Logga in']]
2018-01-09 17:20:23 INFO  HomePage:95 - Clicked register button = Proxy element for: DefaultElementLocator 'By.partialLinkText: Registrera dig här'
2018-01-09 17:20:23 INFO  HomePage:101 - Entered email to register = [[[ChromeDriver: chrome on XP (b3602a8ad0babf6c7f0987667757d492)] -> xpath: //input[@name='email']], [[ChromeDriver: chrome on XP (b3602a8ad0babf6c7f0987667757d492)] -> xpath: //input[@name='email']]]
2018-01-09 17:20:24 INFO  HomePage:103 - Rentered email to register = [[ChromeDriver: chrome on XP (b3602a8ad0babf6c7f0987667757d492)] -> name: email-repeat]
2018-01-09 17:20:24 INFO  HomePage:109 - Entered password to register = [[ChromeDriver: chrome on XP (b3602a8ad0babf6c7f0987667757d492)] -> xpath: //input[@name='j_password']]
2018-01-09 17:20:24 INFO  HomePage:112 - Checked agree to register = [[ChromeDriver: chrome on XP (b3602a8ad0babf6c7f0987667757d492)] -> name: i_agree]
2018-01-09 17:20:37 INFO  HomePage:114 - clicked the register button = Proxy element for: DefaultElementLocator 'By.partialLinkText: Registrera dig här'
2018-01-09 17:20:49 INFO  HomePage:116 - clicked the logout button = Proxy element for: DefaultElementLocator 'By.partialLinkText: Registrera dig här'
2018-01-09 17:21:09 INFO  TestBase:32 - #######################Finished test to User registration details#####################################
2018-01-09 21:16:17 INFO  TestBase:31 - #######################Starting test to verify login details#####################################
2018-01-09 21:16:19 INFO  HomePage:77 - Mousehovered to login button = [[ChromeDriver: chrome on XP (78e3c08d6a78e0803ddb6b4da3acc5e1)] -> xpath: //span[text()='Logga in']]
2018-01-09 21:16:19 INFO  HomePage:80 - Entered the username = [[ChromeDriver: chrome on XP (78e3c08d6a78e0803ddb6b4da3acc5e1)] -> xpath: //input[@name='j_username']]
2018-01-09 21:16:20 INFO  HomePage:82 - Entered the password = [[ChromeDriver: chrome on XP (78e3c08d6a78e0803ddb6b4da3acc5e1)] -> xpath: //input[@name='j_password']]
2018-01-09 21:16:20 INFO  HomePage:84 - Clicked login button = [[ChromeDriver: chrome on XP (78e3c08d6a78e0803ddb6b4da3acc5e1)] -> xpath: //input[@value='Logga in']]
2018-01-09 21:16:22 INFO  TestBase:36 - #######################Finished test to verify login details#####################################
2018-01-09 21:21:39 INFO  TestBase:31 - #######################Starting test to verify login details#####################################
2018-01-09 21:21:40 INFO  HomePage:77 - Mousehovered to login button = [[ChromeDriver: chrome on XP (b897775cf641f94a806d50d088bfd9f1)] -> xpath: //span[text()='Logga in']]
2018-01-09 21:21:40 INFO  HomePage:80 - Entered the username = [[ChromeDriver: chrome on XP (b897775cf641f94a806d50d088bfd9f1)] -> xpath: //input[@name='j_username']]
2018-01-09 21:21:40 INFO  HomePage:82 - Entered the password = [[ChromeDriver: chrome on XP (b897775cf641f94a806d50d088bfd9f1)] -> xpath: //input[@name='j_password']]
2018-01-09 21:21:41 INFO  HomePage:84 - Clicked login button = [[ChromeDriver: chrome on XP (b897775cf641f94a806d50d088bfd9f1)] -> xpath: //input[@value='Logga in']]
2018-01-09 21:21:42 INFO  TestBase:36 - #######################Finished test to verify login details#####################################
2018-01-09 21:24:46 INFO  TestBase:31 - #######################Starting test to verify login details#####################################
2018-01-09 21:24:47 INFO  HomePage:77 - Mousehovered to login button = [[ChromeDriver: chrome on XP (d17511088e6ec98bcb76f432006da4ce)] -> xpath: //span[text()='Logga in']]
2018-01-09 21:24:47 INFO  HomePage:80 - Entered the username = [[ChromeDriver: chrome on XP (d17511088e6ec98bcb76f432006da4ce)] -> xpath: //input[@name='j_username']]
2018-01-09 21:24:47 INFO  HomePage:82 - Entered the password = [[ChromeDriver: chrome on XP (d17511088e6ec98bcb76f432006da4ce)] -> xpath: //input[@name='j_password']]
2018-01-09 21:24:48 INFO  HomePage:84 - Clicked login button = [[ChromeDriver: chrome on XP (d17511088e6ec98bcb76f432006da4ce)] -> xpath: //input[@value='Logga in']]
2018-01-09 21:24:49 INFO  TestBase:36 - #######################Finished test to verify login details#####################################
2018-01-09 21:27:42 INFO  TestBase:31 - #######################Starting test to verify login details#####################################
2018-01-09 21:27:43 INFO  HomePage:77 - Mousehovered to login button = [[ChromeDriver: chrome on XP (6e5a397b8a4b59510e3c77a5373956a6)] -> xpath: //span[text()='Logga in']]
2018-01-09 21:27:43 INFO  HomePage:80 - Entered the username = [[ChromeDriver: chrome on XP (6e5a397b8a4b59510e3c77a5373956a6)] -> xpath: //input[@name='j_username']]
2018-01-09 21:27:43 INFO  HomePage:82 - Entered the password = [[ChromeDriver: chrome on XP (6e5a397b8a4b59510e3c77a5373956a6)] -> xpath: //input[@name='j_password']]
2018-01-09 21:27:44 INFO  HomePage:84 - Clicked login button = [[ChromeDriver: chrome on XP (6e5a397b8a4b59510e3c77a5373956a6)] -> xpath: //input[@value='Logga in']]
2018-01-09 21:27:45 INFO  TestBase:36 - #######################Finished test to verify login details#####################################
2018-01-09 21:31:15 INFO  TestBase:31 - #######################Starting test to verify login details#####################################
2018-01-09 21:31:16 INFO  HomePage:77 - Mousehovered to login button = [[ChromeDriver: chrome on XP (0326a655c4d975a32d371c7038c3f08b)] -> xpath: //span[text()='Logga in']]
2018-01-09 21:31:16 INFO  HomePage:80 - Entered the username = [[ChromeDriver: chrome on XP (0326a655c4d975a32d371c7038c3f08b)] -> xpath: //input[@name='j_username']]
2018-01-09 21:31:17 INFO  HomePage:82 - Entered the password = [[ChromeDriver: chrome on XP (0326a655c4d975a32d371c7038c3f08b)] -> xpath: //input[@name='j_password']]
2018-01-09 21:31:17 INFO  HomePage:84 - Clicked login button = [[ChromeDriver: chrome on XP (0326a655c4d975a32d371c7038c3f08b)] -> xpath: //input[@value='Logga in']]
2018-01-09 21:31:21 INFO  TestBase:36 - #######################Finished test to verify login details#####################################
2018-01-09 21:36:22 INFO  TestBase:31 - #######################Starting test to verify login details#####################################
2018-01-09 21:36:23 INFO  HomePage:77 - Mousehovered to login button = [[ChromeDriver: chrome on XP (e441437c053a48cced3f3e1c575d23d3)] -> xpath: //span[text()='Logga in']]
2018-01-09 21:36:24 INFO  HomePage:80 - Entered the username = [[ChromeDriver: chrome on XP (e441437c053a48cced3f3e1c575d23d3)] -> xpath: //input[@name='j_username']]
2018-01-09 21:36:24 INFO  HomePage:82 - Entered the password = [[ChromeDriver: chrome on XP (e441437c053a48cced3f3e1c575d23d3)] -> xpath: //input[@name='j_password']]
2018-01-09 21:36:24 INFO  HomePage:84 - Clicked login button = [[ChromeDriver: chrome on XP (e441437c053a48cced3f3e1c575d23d3)] -> xpath: //input[@value='Logga in']]
2018-01-09 21:36:25 INFO  TestBase:36 - #######################Finished test to verify login details#####################################
2018-01-09 21:38:41 INFO  TestBase:30 - #######################Starting test to verify login details#####################################
2018-01-09 21:38:42 INFO  HomePage:77 - Mousehovered to login button = [[ChromeDriver: chrome on XP (e20e0de0c0d6546541ed32795c74b94d)] -> xpath: //span[text()='Logga in']]
2018-01-09 21:38:43 INFO  HomePage:80 - Entered the username = [[ChromeDriver: chrome on XP (e20e0de0c0d6546541ed32795c74b94d)] -> xpath: //input[@name='j_username']]
2018-01-09 21:38:43 INFO  HomePage:82 - Entered the password = [[ChromeDriver: chrome on XP (e20e0de0c0d6546541ed32795c74b94d)] -> xpath: //input[@name='j_password']]
2018-01-09 21:38:43 INFO  HomePage:84 - Clicked login button = [[ChromeDriver: chrome on XP (e20e0de0c0d6546541ed32795c74b94d)] -> xpath: //input[@value='Logga in']]
2018-01-09 21:38:47 INFO  TestBase:36 - #######################Finished test to verify login details#####################################
2018-01-09 21:40:17 INFO  TestBase:30 - #######################Starting test to verify login details#####################################
2018-01-09 21:40:19 INFO  HomePage:77 - Mousehovered to login button = [[ChromeDriver: chrome on XP (717db8867126951652d29d3b024478d5)] -> xpath: //span[text()='Logga in']]
2018-01-09 21:40:19 INFO  HomePage:80 - Entered the username = [[ChromeDriver: chrome on XP (717db8867126951652d29d3b024478d5)] -> xpath: //input[@name='j_username']]
2018-01-09 21:40:19 INFO  HomePage:82 - Entered the password = [[ChromeDriver: chrome on XP (717db8867126951652d29d3b024478d5)] -> xpath: //input[@name='j_password']]
2018-01-09 21:40:20 INFO  HomePage:84 - Clicked login button = [[ChromeDriver: chrome on XP (717db8867126951652d29d3b024478d5)] -> xpath: //input[@value='Logga in']]
2018-01-09 21:40:24 INFO  TestBase:37 - #######################Finished test to verify login details#####################################
2018-01-10 08:49:04 INFO  TestBase:30 - #######################Starting test to verify login details#####################################
2018-01-10 08:49:04 INFO  HomePage:77 - Mousehovered to login button = [[ChromeDriver: chrome on XP (ccd2002f69bf2df9b78523e494247db9)] -> xpath: //span[text()='Logga in']]
2018-01-10 08:49:04 INFO  HomePage:80 - Entered the username = [[ChromeDriver: chrome on XP (ccd2002f69bf2df9b78523e494247db9)] -> xpath: //input[@name='j_username']]
2018-01-10 08:49:04 INFO  HomePage:82 - Entered the password = [[ChromeDriver: chrome on XP (ccd2002f69bf2df9b78523e494247db9)] -> xpath: //input[@name='j_password']]
2018-01-10 08:49:05 INFO  HomePage:84 - Clicked login button = [[ChromeDriver: chrome on XP (ccd2002f69bf2df9b78523e494247db9)] -> xpath: //input[@value='Logga in']]
2018-01-10 08:49:05 INFO  TestBase:35 - #######################Finished test to verify login details#####################################
2018-01-10 11:15:09 INFO  TestBase:27 - #######################Starting test to verify User registration details#####################################
2018-01-10 11:15:09 INFO  HomePage:91 - Mousehovered to login button = [[ChromeDriver: chrome on XP (d6f22b6345566745175869b71321915e)] -> xpath: //span[text()='Logga in']]
2018-01-10 11:15:23 INFO  HomePage:96 - Clicked register button = Proxy element for: DefaultElementLocator 'By.partialLinkText: Registrera dig här'
2018-01-10 11:15:23 INFO  HomePage:102 - Entered email to register = [[[ChromeDriver: chrome on XP (d6f22b6345566745175869b71321915e)] -> xpath: //input[@name='email']], [[ChromeDriver: chrome on XP (d6f22b6345566745175869b71321915e)] -> xpath: //input[@name='email']]]
2018-01-10 11:15:23 INFO  HomePage:104 - Rentered email to register = [[ChromeDriver: chrome on XP (d6f22b6345566745175869b71321915e)] -> name: email-repeat]
2018-01-10 11:15:23 INFO  HomePage:110 - Entered password to register = [[ChromeDriver: chrome on XP (d6f22b6345566745175869b71321915e)] -> xpath: //input[@name='j_password']]
2018-01-10 11:15:23 INFO  HomePage:113 - Checked agree to register = [[ChromeDriver: chrome on XP (d6f22b6345566745175869b71321915e)] -> name: i_agree]
2018-01-10 11:17:06 INFO  TestBase:28 - #######################Starting test to verify login details#####################################
2018-01-10 11:18:07 INFO  TestBase:28 - #######################Starting test to verify login details#####################################
2018-01-10 11:20:05 INFO  TestBase:26 - #######################Starting test to verify login details#####################################
2018-01-10 11:20:50 INFO  TestBase:26 - #######################Starting test to verify login details#####################################
2018-01-10 11:20:50 INFO  HomePage:78 - Mousehovered to login button = [[ChromeDriver: chrome on XP (bda801cd7c498cf423d8cfbc0262a200)] -> xpath: //span[text()='Logga in']]
2018-01-10 11:20:50 INFO  HomePage:81 - Entered the username = [[ChromeDriver: chrome on XP (bda801cd7c498cf423d8cfbc0262a200)] -> xpath: //input[@name='j_username']]
2018-01-10 11:20:50 INFO  HomePage:83 - Entered the password = [[ChromeDriver: chrome on XP (bda801cd7c498cf423d8cfbc0262a200)] -> xpath: //input[@name='j_password']]
2018-01-10 11:20:50 INFO  HomePage:85 - Clicked login button = [[ChromeDriver: chrome on XP (bda801cd7c498cf423d8cfbc0262a200)] -> xpath: //input[@value='Logga in']]
2018-01-10 11:22:10 INFO  TestBase:26 - #######################Starting test to verify login details#####################################
2018-01-10 11:22:10 INFO  HomePage:78 - Mousehovered to login button = [[ChromeDriver: chrome on XP (0686ecda2e1d88b8922c6264e1ab2f74)] -> xpath: //span[text()='Logga in']]
2018-01-10 11:22:10 INFO  HomePage:81 - Entered the username = [[ChromeDriver: chrome on XP (0686ecda2e1d88b8922c6264e1ab2f74)] -> xpath: //input[@name='j_username']]
2018-01-10 11:22:10 INFO  HomePage:83 - Entered the password = [[ChromeDriver: chrome on XP (0686ecda2e1d88b8922c6264e1ab2f74)] -> xpath: //input[@name='j_password']]
2018-01-10 11:22:11 INFO  HomePage:85 - Clicked login button = [[ChromeDriver: chrome on XP (0686ecda2e1d88b8922c6264e1ab2f74)] -> xpath: //input[@value='Logga in']]
2018-01-10 11:23:37 INFO  TestBase:26 - #######################Starting test to verify login details#####################################
2018-01-10 11:23:37 INFO  HomePage:78 - Mousehovered to login button = [[ChromeDriver: chrome on XP (d818a38e81218dcc790715edb6b93831)] -> xpath: //span[text()='Logga in']]
2018-01-10 11:23:37 INFO  HomePage:81 - Entered the username = [[ChromeDriver: chrome on XP (d818a38e81218dcc790715edb6b93831)] -> xpath: //input[@name='j_username']]
2018-01-10 11:23:37 INFO  HomePage:83 - Entered the password = [[ChromeDriver: chrome on XP (d818a38e81218dcc790715edb6b93831)] -> xpath: //input[@name='j_password']]
2018-01-10 11:23:37 INFO  HomePage:85 - Clicked login button = [[ChromeDriver: chrome on XP (d818a38e81218dcc790715edb6b93831)] -> xpath: //input[@value='Logga in']]
2018-01-10 11:25:15 INFO  TestBase:26 - #######################Starting test to verify login details#####################################
2018-01-10 11:25:15 INFO  HomePage:78 - Mousehovered to login button = [[ChromeDriver: chrome on XP (905a2c0a1cd84864a464e37d53b51e8a)] -> xpath: //span[text()='Logga in']]
2018-01-10 11:25:15 INFO  HomePage:81 - Entered the username = [[ChromeDriver: chrome on XP (905a2c0a1cd84864a464e37d53b51e8a)] -> xpath: //input[@name='j_username']]
2018-01-10 11:25:15 INFO  HomePage:83 - Entered the password = [[ChromeDriver: chrome on XP (905a2c0a1cd84864a464e37d53b51e8a)] -> xpath: //input[@name='j_password']]
2018-01-10 11:25:15 INFO  HomePage:85 - Clicked login button = [[ChromeDriver: chrome on XP (905a2c0a1cd84864a464e37d53b51e8a)] -> xpath: //input[@value='Logga in']]
2018-01-10 11:35:25 INFO  TestBase:26 - #######################Starting test to verify login details#####################################
2018-01-10 11:35:25 INFO  HomePage:78 - Mousehovered to login button = [[ChromeDriver: chrome on XP (84307c5a90b8c5183b8eb10128f4ede0)] -> xpath: //span[text()='Logga in']]
2018-01-10 11:35:25 INFO  HomePage:81 - Entered the username = [[ChromeDriver: chrome on XP (84307c5a90b8c5183b8eb10128f4ede0)] -> xpath: //input[@name='j_username']]
2018-01-10 11:35:25 INFO  HomePage:83 - Entered the password = [[ChromeDriver: chrome on XP (84307c5a90b8c5183b8eb10128f4ede0)] -> xpath: //input[@name='j_password']]
2018-01-10 11:35:25 INFO  HomePage:85 - Clicked login button = [[ChromeDriver: chrome on XP (84307c5a90b8c5183b8eb10128f4ede0)] -> xpath: //input[@value='Logga in']]
2018-01-10 11:46:24 INFO  TestBase:26 - #######################Starting test to verify login details#####################################
2018-01-10 11:46:24 INFO  HomePage:78 - Mousehovered to login button = [[ChromeDriver: chrome on XP (a272f3e77ef9285b7e1873b140b18847)] -> xpath: //span[text()='Logga in']]
2018-01-10 11:46:24 INFO  HomePage:81 - Entered the username = [[ChromeDriver: chrome on XP (a272f3e77ef9285b7e1873b140b18847)] -> xpath: //input[@name='j_username']]
2018-01-10 11:46:24 INFO  HomePage:83 - Entered the password = [[ChromeDriver: chrome on XP (a272f3e77ef9285b7e1873b140b18847)] -> xpath: //input[@name='j_password']]
2018-01-10 11:46:24 INFO  HomePage:85 - Clicked login button = [[ChromeDriver: chrome on XP (a272f3e77ef9285b7e1873b140b18847)] -> xpath: //input[@value='Logga in']]
2018-01-10 11:46:49 INFO  TestBase:26 - #######################Starting test to verify login details#####################################
2018-01-10 11:46:49 INFO  HomePage:78 - Mousehovered to login button = [[ChromeDriver: chrome on XP (3270a39a22c4e90ef4b2b15b3903a1dd)] -> xpath: //span[text()='Logga in']]
2018-01-10 11:46:49 INFO  HomePage:81 - Entered the username = [[ChromeDriver: chrome on XP (3270a39a22c4e90ef4b2b15b3903a1dd)] -> xpath: //input[@name='j_username']]
2018-01-10 11:46:49 INFO  HomePage:83 - Entered the password = [[ChromeDriver: chrome on XP (3270a39a22c4e90ef4b2b15b3903a1dd)] -> xpath: //input[@name='j_password']]
2018-01-10 11:46:49 INFO  HomePage:85 - Clicked login button = [[ChromeDriver: chrome on XP (3270a39a22c4e90ef4b2b15b3903a1dd)] -> xpath: //input[@value='Logga in']]
2018-01-10 11:48:19 INFO  TestBase:26 - #######################Starting test to verify login details#####################################
2018-01-10 11:48:19 INFO  HomePage:78 - Mousehovered to login button = [[ChromeDriver: chrome on XP (24e5d5f3cc21e1872f681be5083fb963)] -> xpath: //span[text()='Logga in']]
2018-01-10 11:48:19 INFO  HomePage:81 - Entered the username = [[ChromeDriver: chrome on XP (24e5d5f3cc21e1872f681be5083fb963)] -> xpath: //input[@name='j_username']]
2018-01-10 11:48:19 INFO  HomePage:83 - Entered the password = [[ChromeDriver: chrome on XP (24e5d5f3cc21e1872f681be5083fb963)] -> xpath: //input[@name='j_password']]
2018-01-10 11:48:19 INFO  HomePage:85 - Clicked login button = [[ChromeDriver: chrome on XP (24e5d5f3cc21e1872f681be5083fb963)] -> xpath: //input[@value='Logga in']]
2018-01-10 11:49:28 INFO  TestBase:26 - #######################Starting test to verify login details#####################################
2018-01-10 11:49:29 INFO  HomePage:78 - Mousehovered to login button = [[ChromeDriver: chrome on XP (56f0363a63af91ea47ca2ec220adb26b)] -> xpath: //span[text()='Logga in']]
2018-01-10 11:49:29 INFO  HomePage:81 - Entered the username = [[ChromeDriver: chrome on XP (56f0363a63af91ea47ca2ec220adb26b)] -> xpath: //input[@name='j_username']]
2018-01-10 11:49:29 INFO  HomePage:83 - Entered the password = [[ChromeDriver: chrome on XP (56f0363a63af91ea47ca2ec220adb26b)] -> xpath: //input[@name='j_password']]
2018-01-10 11:49:29 INFO  HomePage:85 - Clicked login button = [[ChromeDriver: chrome on XP (56f0363a63af91ea47ca2ec220adb26b)] -> xpath: //input[@value='Logga in']]
2018-01-10 11:50:15 INFO  TestBase:26 - #######################Starting test to verify login details#####################################
2018-01-10 11:50:15 INFO  HomePage:78 - Mousehovered to login button = [[ChromeDriver: chrome on XP (48a94b26fad2995f4acec3f03a9dd5e3)] -> xpath: //span[text()='Logga in']]
2018-01-10 11:50:15 INFO  HomePage:81 - Entered the username = [[ChromeDriver: chrome on XP (48a94b26fad2995f4acec3f03a9dd5e3)] -> xpath: //input[@name='j_username']]
2018-01-10 11:50:15 INFO  HomePage:83 - Entered the password = [[ChromeDriver: chrome on XP (48a94b26fad2995f4acec3f03a9dd5e3)] -> xpath: //input[@name='j_password']]
2018-01-10 11:50:15 INFO  HomePage:85 - Clicked login button = [[ChromeDriver: chrome on XP (48a94b26fad2995f4acec3f03a9dd5e3)] -> xpath: //input[@value='Logga in']]
2018-01-10 11:56:58 INFO  TestBase:26 - #######################Starting test to verify login details#####################################
2018-01-10 11:56:58 INFO  HomePage:78 - Mousehovered to login button = [[ChromeDriver: chrome on XP (8b45e87e9f6bba9e6388108879a237a8)] -> xpath: //span[text()='Logga in']]
2018-01-10 11:56:59 INFO  HomePage:81 - Entered the username = [[ChromeDriver: chrome on XP (8b45e87e9f6bba9e6388108879a237a8)] -> xpath: //input[@name='j_username']]
2018-01-10 11:56:59 INFO  HomePage:83 - Entered the password = [[ChromeDriver: chrome on XP (8b45e87e9f6bba9e6388108879a237a8)] -> xpath: //input[@name='j_password']]
2018-01-10 11:56:59 INFO  HomePage:85 - Clicked login button = [[ChromeDriver: chrome on XP (8b45e87e9f6bba9e6388108879a237a8)] -> xpath: //input[@value='Logga in']]
2018-01-10 11:58:08 INFO  TestBase:26 - #######################Starting test to verify login details#####################################
2018-01-10 11:58:08 INFO  HomePage:78 - Mousehovered to login button = [[ChromeDriver: chrome on XP (2854a07e5465ef0de7a0718c3da0b2fa)] -> xpath: //span[text()='Logga in']]
2018-01-10 11:58:09 INFO  HomePage:81 - Entered the username = [[ChromeDriver: chrome on XP (2854a07e5465ef0de7a0718c3da0b2fa)] -> xpath: //input[@name='j_username']]
2018-01-10 11:58:09 INFO  HomePage:83 - Entered the password = [[ChromeDriver: chrome on XP (2854a07e5465ef0de7a0718c3da0b2fa)] -> xpath: //input[@name='j_password']]
2018-01-10 11:58:09 INFO  HomePage:85 - Clicked login button = [[ChromeDriver: chrome on XP (2854a07e5465ef0de7a0718c3da0b2fa)] -> xpath: //input[@value='Logga in']]
2018-01-10 11:59:45 INFO  TestBase:26 - #######################Starting test to verify login details#####################################
2018-01-10 11:59:46 INFO  HomePage:78 - Mousehovered to login button = [[ChromeDriver: chrome on XP (b3d756d2277f617394cfa0eac2da6369)] -> xpath: //span[text()='Logga in']]
2018-01-10 11:59:46 INFO  HomePage:81 - Entered the username = [[ChromeDriver: chrome on XP (b3d756d2277f617394cfa0eac2da6369)] -> xpath: //input[@name='j_username']]
2018-01-10 11:59:46 INFO  HomePage:83 - Entered the password = [[ChromeDriver: chrome on XP (b3d756d2277f617394cfa0eac2da6369)] -> xpath: //input[@name='j_password']]
2018-01-10 11:59:46 INFO  HomePage:85 - Clicked login button = [[ChromeDriver: chrome on XP (b3d756d2277f617394cfa0eac2da6369)] -> xpath: //input[@value='Logga in']]
2018-01-10 12:00:40 INFO  TestBase:26 - #######################Starting test to verify login details#####################################
2018-01-10 12:00:40 INFO  HomePage:78 - Mousehovered to login button = [[ChromeDriver: chrome on XP (0433ce3cfa40de1f90576055c76da3a4)] -> xpath: //span[text()='Logga in']]
2018-01-10 12:00:40 INFO  HomePage:81 - Entered the username = [[ChromeDriver: chrome on XP (0433ce3cfa40de1f90576055c76da3a4)] -> xpath: //input[@name='j_username']]
2018-01-10 12:00:40 INFO  HomePage:83 - Entered the password = [[ChromeDriver: chrome on XP (0433ce3cfa40de1f90576055c76da3a4)] -> xpath: //input[@name='j_password']]
2018-01-10 12:00:40 INFO  HomePage:85 - Clicked login button = [[ChromeDriver: chrome on XP (0433ce3cfa40de1f90576055c76da3a4)] -> xpath: //input[@value='Logga in']]
2018-01-10 12:00:52 INFO  TestBase:32 - #######################Finished test to verify login details#####################################
2018-01-10 14:56:29 INFO  TestBase:26 - #######################Starting test to verify login details#####################################
2018-01-10 14:56:29 INFO  HomePage:78 - Mousehovered to login button = [[ChromeDriver: chrome on XP (444eb48045ffcda111fd00b48d3149b9)] -> xpath: //span[text()='Logga in']]
2018-01-10 14:56:29 INFO  HomePage:81 - Entered the username = [[ChromeDriver: chrome on XP (444eb48045ffcda111fd00b48d3149b9)] -> xpath: //input[@name='j_username']]
2018-01-10 14:56:29 INFO  HomePage:83 - Entered the password = [[ChromeDriver: chrome on XP (444eb48045ffcda111fd00b48d3149b9)] -> xpath: //input[@name='j_password']]
2018-01-10 14:56:29 INFO  HomePage:85 - Clicked login button = [[ChromeDriver: chrome on XP (444eb48045ffcda111fd00b48d3149b9)] -> xpath: //input[@value='Logga in']]
2018-01-10 14:57:00 INFO  TestBase:32 - #######################Finished test to verify login details#####################################
2018-01-10 16:00:07 INFO  TestBase:26 - #######################Starting test to verify login details#####################################
2018-01-10 16:00:07 INFO  HomePage:78 - Mousehovered to login button = [[ChromeDriver: chrome on XP (c823e2f16595cc6780b6ff464d3e1d0c)] -> xpath: //span[text()='Logga in']]
2018-01-10 16:00:07 INFO  HomePage:81 - Entered the username = [[ChromeDriver: chrome on XP (c823e2f16595cc6780b6ff464d3e1d0c)] -> xpath: //input[@name='j_username']]
2018-01-10 16:00:07 INFO  HomePage:83 - Entered the password = [[ChromeDriver: chrome on XP (c823e2f16595cc6780b6ff464d3e1d0c)] -> xpath: //input[@name='j_password']]
2018-01-10 16:00:07 INFO  HomePage:85 - Clicked login button = [[ChromeDriver: chrome on XP (c823e2f16595cc6780b6ff464d3e1d0c)] -> xpath: //input[@value='Logga in']]
2018-01-10 16:00:28 INFO  TestBase:32 - #######################Finished test to verify login details#####################################
2018-01-11 08:49:45 INFO  TestBase:26 - #######################Starting test to verify login details#####################################
2018-01-11 08:49:45 INFO  HomePage:78 - Mousehovered to login button = [[ChromeDriver: chrome on XP (bba1e9a4e12934e2d4321d7bfa608e72)] -> xpath: //span[text()='Logga in']]
2018-01-11 08:49:46 INFO  HomePage:81 - Entered the username = [[ChromeDriver: chrome on XP (bba1e9a4e12934e2d4321d7bfa608e72)] -> xpath: //input[@name='j_username']]
2018-01-11 08:49:46 INFO  HomePage:83 - Entered the password = [[ChromeDriver: chrome on XP (bba1e9a4e12934e2d4321d7bfa608e72)] -> xpath: //input[@name='j_password']]
2018-01-11 08:49:46 INFO  HomePage:85 - Clicked login button = [[ChromeDriver: chrome on XP (bba1e9a4e12934e2d4321d7bfa608e72)] -> xpath: //input[@value='Logga in']]
2018-01-11 08:50:06 INFO  TestBase:32 - #######################Finished test to verify login details#####################################
2018-01-13 11:20:13 INFO  TestBase:30 - #######################Starting test to verify login details#####################################
2018-01-13 11:20:16 INFO  HomePage:78 - Mousehovered to login button = [[ChromeDriver: chrome on XP (855b9b88a77dd4ebcc9c067d2b43c5fa)] -> xpath: //span[text()='Logga in']]
2018-01-13 11:20:16 INFO  HomePage:81 - Entered the username = [[ChromeDriver: chrome on XP (855b9b88a77dd4ebcc9c067d2b43c5fa)] -> xpath: //input[@name='j_username']]
2018-01-13 11:20:16 INFO  HomePage:83 - Entered the password = [[ChromeDriver: chrome on XP (855b9b88a77dd4ebcc9c067d2b43c5fa)] -> xpath: //input[@name='j_password']]
2018-01-13 11:20:34 INFO  HomePage:85 - Clicked login button = Proxy element for: DefaultElementLocator 'By.xpath: //input[@value='Logga in']'
2018-01-13 11:20:34 INFO  TestBase:35 - #######################Finished test to verify login details#####################################
2018-01-13 11:34:23 INFO  TestBase:58 - Creating object of chrome
2018-01-13 11:34:29 INFO  TestBase:76 - Navigating to https://uat-lw-se.lenslogistics.com/
2018-01-13 11:34:35 INFO  TestBase:30 - #######################Starting test to verify login details#####################################
2018-01-13 11:34:37 INFO  HomePage:78 - Mousehovered to login button = [[ChromeDriver: chrome on XP (48f3fde43abaa0968e23067c93327a2b)] -> xpath: //span[text()='Logga in']]
2018-01-13 11:34:41 INFO  HomePage:81 - Entered the username = [[ChromeDriver: chrome on XP (48f3fde43abaa0968e23067c93327a2b)] -> xpath: //input[@name='j_username']]
2018-01-13 11:34:42 INFO  HomePage:83 - Entered the password = [[ChromeDriver: chrome on XP (48f3fde43abaa0968e23067c93327a2b)] -> xpath: //input[@name='j_password']]
2018-01-13 11:35:06 INFO  HomePage:85 - Clicked login button = Proxy element for: DefaultElementLocator 'By.xpath: //input[@value='Logga in']'
2018-01-13 11:35:06 INFO  TestBase:35 - #######################Finished test to verify login details#####################################
2018-01-13 11:35:07 INFO  TestBase:26 - #######################Starting test to verify login details#####################################
2018-01-13 11:35:07 INFO  HomePage:78 - Mousehovered to login button = [[ChromeDriver: chrome on XP (a4965b2b2ecc83a219c3ea31da47b67b)] -> xpath: //span[text()='Logga in']]
2018-01-13 11:35:08 INFO  HomePage:81 - Entered the username = [[ChromeDriver: chrome on XP (a4965b2b2ecc83a219c3ea31da47b67b)] -> xpath: //input[@name='j_username']]
2018-01-13 11:35:09 INFO  HomePage:83 - Entered the password = [[ChromeDriver: chrome on XP (a4965b2b2ecc83a219c3ea31da47b67b)] -> xpath: //input[@name='j_password']]
2018-01-13 11:35:10 INFO  HomePage:85 - Clicked login button = [[ChromeDriver: chrome on XP (a4965b2b2ecc83a219c3ea31da47b67b)] -> xpath: //input[@value='Logga in']]
2018-01-13 11:50:12 INFO  TestBase:58 - Creating object of chrome
2018-01-13 11:50:15 INFO  TestBase:76 - Navigating to https://uat-lw-se.lenslogistics.com/
2018-01-13 11:50:19 INFO  TestBase:58 - Creating object of chrome
2018-01-13 11:50:22 INFO  TestBase:76 - Navigating to https://uat-lw-se.lenslogistics.com/
2018-01-13 11:50:26 INFO  TestBase:30 - #######################Starting test to verify login details#####################################
2018-01-13 11:50:27 INFO  HomePage:78 - Mousehovered to login button = [[ChromeDriver: chrome on XP (bc69f794f4a2a6a7c631ad2d252d8a8b)] -> xpath: //span[text()='Logga in']]
2018-01-13 11:50:28 INFO  HomePage:81 - Entered the username = [[ChromeDriver: chrome on XP (bc69f794f4a2a6a7c631ad2d252d8a8b)] -> xpath: //input[@name='j_username']]
2018-01-13 11:50:29 INFO  HomePage:83 - Entered the password = [[ChromeDriver: chrome on XP (bc69f794f4a2a6a7c631ad2d252d8a8b)] -> xpath: //input[@name='j_password']]
2018-01-13 11:50:44 INFO  TestBase:27 - #######################Starting test to verify User registration details#####################################
2018-01-13 11:50:48 INFO  TestBase:26 - #######################Starting test to verify login details#####################################
2018-01-13 11:52:32 INFO  TestBase:58 - Creating object of chrome
2018-01-13 11:52:34 INFO  TestBase:76 - Navigating to https://uat-lw-se.lenslogistics.com/
2018-01-13 11:52:43 INFO  TestBase:58 - Creating object of chrome
2018-01-13 11:52:45 INFO  TestBase:76 - Navigating to https://uat-lw-se.lenslogistics.com/
2018-01-13 11:52:49 INFO  TestBase:30 - #######################Starting test to verify login details#####################################
2018-01-13 11:52:52 INFO  HomePage:78 - Mousehovered to login button = [[ChromeDriver: chrome on XP (855c277945e8b12a7800aa3c24d62a2b)] -> xpath: //span[text()='Logga in']]
2018-01-13 11:52:52 INFO  HomePage:81 - Entered the username = [[ChromeDriver: chrome on XP (855c277945e8b12a7800aa3c24d62a2b)] -> xpath: //input[@name='j_username']]
2018-01-13 11:52:53 INFO  HomePage:83 - Entered the password = [[ChromeDriver: chrome on XP (855c277945e8b12a7800aa3c24d62a2b)] -> xpath: //input[@name='j_password']]
2018-01-13 11:53:09 INFO  HomePage:85 - Clicked login button = Proxy element for: DefaultElementLocator 'By.xpath: //input[@value='Logga in']'
2018-01-13 11:53:09 INFO  TestBase:35 - #######################Finished test to verify login details#####################################
2018-01-13 11:53:10 INFO  TestBase:27 - #######################Starting test to verify User registration details#####################################
2018-01-13 11:53:14 INFO  TestBase:26 - #######################Starting test to verify login details#####################################
2018-01-13 11:57:33 INFO  TestBase:30 - #######################Starting test to verify login details#####################################
2018-01-13 11:57:35 INFO  HomePage:78 - Mousehovered to login button = [[ChromeDriver: chrome on XP (adc4773089b38ebf510cceba526aad56)] -> xpath: //span[text()='Logga in']]
2018-01-13 11:57:35 INFO  HomePage:81 - Entered the username = [[ChromeDriver: chrome on XP (adc4773089b38ebf510cceba526aad56)] -> xpath: //input[@name='j_username']]
2018-01-13 11:57:36 INFO  HomePage:83 - Entered the password = [[ChromeDriver: chrome on XP (adc4773089b38ebf510cceba526aad56)] -> xpath: //input[@name='j_password']]
2018-01-13 11:57:52 INFO  HomePage:85 - Clicked login button = Proxy element for: DefaultElementLocator 'By.xpath: //input[@value='Logga in']'
2018-01-13 11:57:52 INFO  TestBase:35 - #######################Finished test to verify login details#####################################
2018-01-13 12:05:54 INFO  TestBase:58 - Creating object of chrome
2018-01-13 12:05:56 INFO  TestBase:76 - Navigating to https://uat-lw-se.lenslogistics.com/
2018-01-13 12:06:00 INFO  TestBase:58 - Creating object of chrome
2018-01-13 12:06:03 INFO  TestBase:76 - Navigating to https://uat-lw-se.lenslogistics.com/
2018-01-13 12:06:07 INFO  TestBase:30 - #######################Starting test to verify login details#####################################
2018-01-13 12:06:08 INFO  HomePage:78 - Mousehovered to login button = [[ChromeDriver: chrome on XP (c13dd0ec24590a771b8f01e75708dff1)] -> xpath: //span[text()='Logga in']]
2018-01-13 12:06:09 INFO  HomePage:81 - Entered the username = [[ChromeDriver: chrome on XP (c13dd0ec24590a771b8f01e75708dff1)] -> xpath: //input[@name='j_username']]
2018-01-13 12:06:09 INFO  HomePage:83 - Entered the password = [[ChromeDriver: chrome on XP (c13dd0ec24590a771b8f01e75708dff1)] -> xpath: //input[@name='j_password']]
2018-01-13 12:06:27 INFO  HomePage:85 - Clicked login button = Proxy element for: DefaultElementLocator 'By.xpath: //input[@value='Logga in']'
2018-01-13 12:06:27 INFO  TestBase:35 - #######################Finished test to verify login details#####################################
2018-01-13 12:06:29 INFO  TestBase:27 - #######################Starting test to verify User registration details#####################################
2018-01-13 12:06:29 INFO  HomePage:91 - Mousehovered to login button = [[ChromeDriver: chrome on XP (c376979238cf1159c69a5a2b2efcb0e3)] -> xpath: //span[text()='Logga in']]
2018-01-13 12:06:44 INFO  HomePage:96 - Clicked register button = Proxy element for: DefaultElementLocator 'By.partialLinkText: Registrera dig här'
2018-01-13 12:06:45 INFO  HomePage:102 - Entered email to register = [[[ChromeDriver: chrome on XP (c376979238cf1159c69a5a2b2efcb0e3)] -> xpath: //input[@name='email']], [[ChromeDriver: chrome on XP (c376979238cf1159c69a5a2b2efcb0e3)] -> xpath: //input[@name='email']]]
2018-01-13 12:06:45 INFO  HomePage:104 - Rentered email to register = [[ChromeDriver: chrome on XP (c376979238cf1159c69a5a2b2efcb0e3)] -> name: email-repeat]
2018-01-13 12:06:46 INFO  HomePage:110 - Entered password to register = [[ChromeDriver: chrome on XP (c376979238cf1159c69a5a2b2efcb0e3)] -> xpath: //input[@name='j_password']]
2018-01-13 12:06:46 INFO  HomePage:113 - Checked agree to register = [[ChromeDriver: chrome on XP (c376979238cf1159c69a5a2b2efcb0e3)] -> name: i_agree]
2018-01-13 12:06:57 INFO  TestBase:26 - #######################Starting test to verify login details#####################################
2018-01-13 12:12:44 INFO  TestBase:30 - #######################Starting test to verify login details#####################################
2018-01-13 12:12:47 INFO  HomePage:78 - Mousehovered to login button = [[ChromeDriver: chrome on XP (9f8a046e65ace2e8136b896861abdac9)] -> xpath: //span[text()='Logga in']]
2018-01-13 12:12:48 INFO  HomePage:81 - Entered the username = [[ChromeDriver: chrome on XP (9f8a046e65ace2e8136b896861abdac9)] -> xpath: //input[@name='j_username']]
2018-01-13 12:12:48 INFO  HomePage:83 - Entered the password = [[ChromeDriver: chrome on XP (9f8a046e65ace2e8136b896861abdac9)] -> xpath: //input[@name='j_password']]
2018-01-13 12:13:04 INFO  HomePage:85 - Clicked login button = Proxy element for: DefaultElementLocator 'By.xpath: //input[@value='Logga in']'
2018-01-13 12:13:04 INFO  TestBase:35 - #######################Finished test to verify login details#####################################
2018-01-13 12:15:40 INFO  TestBase:58 - Creating object of chrome
2018-01-13 12:15:43 INFO  TestBase:76 - Navigating to https://uat-lw-se.lenslogistics.com/
2018-01-13 12:15:47 INFO  TestBase:30 - #######################Starting test to verify login details#####################################
2018-01-13 12:15:47 INFO  HomePage:78 - Mousehovered to login button = [[ChromeDriver: chrome on XP (cdaead641f0ea57d2e0778b89d24a1ef)] -> xpath: //span[text()='Logga in']]
2018-01-13 12:15:48 INFO  HomePage:81 - Entered the username = [[ChromeDriver: chrome on XP (cdaead641f0ea57d2e0778b89d24a1ef)] -> xpath: //input[@name='j_username']]
2018-01-13 12:15:49 INFO  HomePage:83 - Entered the password = [[ChromeDriver: chrome on XP (cdaead641f0ea57d2e0778b89d24a1ef)] -> xpath: //input[@name='j_password']]
2018-01-13 12:16:05 INFO  HomePage:85 - Clicked login button = Proxy element for: DefaultElementLocator 'By.xpath: //input[@value='Logga in']'
2018-01-13 12:16:05 INFO  TestBase:35 - #######################Finished test to verify login details#####################################
2018-01-13 12:16:06 INFO  TestBase:26 - #######################Starting test to verify login details#####################################
2018-01-13 12:16:29 INFO  TestBase:30 - #######################Starting test to verify login details#####################################
2018-01-13 12:16:31 INFO  HomePage:78 - Mousehovered to login button = [[ChromeDriver: chrome on XP (131a5f33cb70903a8175d3bc52ad6db4)] -> xpath: //span[text()='Logga in']]
2018-01-13 12:16:32 INFO  HomePage:81 - Entered the username = [[ChromeDriver: chrome on XP (131a5f33cb70903a8175d3bc52ad6db4)] -> xpath: //input[@name='j_username']]
2018-01-13 12:16:32 INFO  HomePage:83 - Entered the password = [[ChromeDriver: chrome on XP (131a5f33cb70903a8175d3bc52ad6db4)] -> xpath: //input[@name='j_password']]
2018-01-13 12:16:49 INFO  HomePage:85 - Clicked login button = Proxy element for: DefaultElementLocator 'By.xpath: //input[@value='Logga in']'
2018-01-13 12:16:49 INFO  TestBase:35 - #######################Finished test to verify login details#####################################
2018-01-13 12:18:06 INFO  TestBase:30 - #######################Starting test to verify login details#####################################
2018-01-13 12:18:08 INFO  HomePage:78 - Mousehovered to login button = [[ChromeDriver: chrome on XP (a3416ae45dcb82da2cb9f5f8d131e6f4)] -> xpath: //span[text()='Logga in']]
2018-01-13 12:18:09 INFO  HomePage:81 - Entered the username = [[ChromeDriver: chrome on XP (a3416ae45dcb82da2cb9f5f8d131e6f4)] -> xpath: //input[@name='j_username']]
2018-01-13 12:18:09 INFO  HomePage:83 - Entered the password = [[ChromeDriver: chrome on XP (a3416ae45dcb82da2cb9f5f8d131e6f4)] -> xpath: //input[@name='j_password']]
2018-01-13 12:18:09 INFO  HomePage:85 - Clicked login button = [[ChromeDriver: chrome on XP (a3416ae45dcb82da2cb9f5f8d131e6f4)] -> xpath: //input[@value='Logga in']]
2018-01-13 12:18:09 INFO  TestBase:35 - #######################Finished test to verify login details#####################################
2018-01-13 12:24:08 INFO  TestBase:58 - Creating object of chrome
2018-01-13 12:24:11 INFO  TestBase:76 - Navigating to https://uat-lw-se.lenslogistics.com/
2018-01-13 12:24:15 INFO  TestBase:30 - #######################Starting test to verify login details#####################################
2018-01-13 12:24:15 INFO  HomePage:78 - Mousehovered to login button = [[ChromeDriver: chrome on XP (c25c659d3d148dc6dddd68810d68c143)] -> xpath: //span[text()='Logga in']]
2018-01-13 12:24:16 INFO  HomePage:81 - Entered the username = [[ChromeDriver: chrome on XP (c25c659d3d148dc6dddd68810d68c143)] -> xpath: //input[@name='j_username']]
2018-01-13 12:24:16 INFO  HomePage:83 - Entered the password = [[ChromeDriver: chrome on XP (c25c659d3d148dc6dddd68810d68c143)] -> xpath: //input[@name='j_password']]
2018-01-13 12:24:33 INFO  HomePage:85 - Clicked login button = Proxy element for: DefaultElementLocator 'By.xpath: //input[@value='Logga in']'
2018-01-13 12:24:33 INFO  TestBase:35 - #######################Finished test to verify login details#####################################
2018-01-13 12:24:34 INFO  TestBase:27 - #######################Starting test to verify User registration details#####################################
2018-01-13 12:24:34 INFO  HomePage:91 - Mousehovered to login button = [[ChromeDriver: chrome on XP (10549db921e132f9e5c24e01c1b44293)] -> xpath: //span[text()='Logga in']]
2018-01-13 12:24:49 INFO  HomePage:96 - Clicked register button = Proxy element for: DefaultElementLocator 'By.partialLinkText: Registrera dig här'
2018-01-13 12:24:49 INFO  HomePage:102 - Entered email to register = [[[ChromeDriver: chrome on XP (10549db921e132f9e5c24e01c1b44293)] -> xpath: //input[@name='email']], [[ChromeDriver: chrome on XP (10549db921e132f9e5c24e01c1b44293)] -> xpath: //input[@name='email']]]
2018-01-13 12:24:50 INFO  HomePage:104 - Rentered email to register = [[ChromeDriver: chrome on XP (10549db921e132f9e5c24e01c1b44293)] -> name: email-repeat]
2018-01-13 12:24:50 INFO  HomePage:110 - Entered password to register = [[ChromeDriver: chrome on XP (10549db921e132f9e5c24e01c1b44293)] -> xpath: //input[@name='j_password']]
2018-01-13 12:24:50 INFO  HomePage:113 - Checked agree to register = [[ChromeDriver: chrome on XP (10549db921e132f9e5c24e01c1b44293)] -> name: i_agree]
2018-01-13 12:25:03 INFO  HomePage:115 - clicked the register button = Proxy element for: DefaultElementLocator 'By.partialLinkText: Registrera dig här'
2018-01-13 16:12:29 INFO  TestBase:58 - Creating object of chrome
2018-01-13 16:12:32 INFO  TestBase:76 - Navigating to https://uat-lw-se.lenslogistics.com/
2018-01-13 16:12:36 INFO  TestBase:30 - #######################Starting test to verify login details#####################################
2018-01-13 16:12:37 INFO  HomePage:78 - Mousehovered to login button = [[ChromeDriver: chrome on XP (1f4a18b947ae76c49696d68492f29960)] -> xpath: //span[text()='Logga in']]
2018-01-13 16:12:38 INFO  HomePage:81 - Entered the username = [[ChromeDriver: chrome on XP (1f4a18b947ae76c49696d68492f29960)] -> xpath: //input[@name='j_username']]
2018-01-13 16:12:38 INFO  HomePage:83 - Entered the password = [[ChromeDriver: chrome on XP (1f4a18b947ae76c49696d68492f29960)] -> xpath: //input[@name='j_password']]
2018-01-13 16:12:55 INFO  HomePage:85 - Clicked login button = Proxy element for: DefaultElementLocator 'By.xpath: //input[@value='Logga in']'
2018-01-13 16:12:55 INFO  TestBase:35 - #######################Finished test to verify login details#####################################
2018-01-13 16:12:56 INFO  TestBase:27 - #######################Starting test to verify User registration details#####################################
2018-01-13 16:12:56 INFO  HomePage:91 - Mousehovered to login button = [[ChromeDriver: chrome on XP (772534982e93c459902c7f6746a154e8)] -> xpath: //span[text()='Logga in']]
2018-01-13 16:19:57 INFO  TestBase:58 - Creating object of chrome
2018-01-13 16:19:59 INFO  TestBase:76 - Navigating to https://uat-lw-se.lenslogistics.com/
2018-01-13 16:20:04 INFO  TestBase:30 - #######################Starting test to verify login details#####################################
2018-01-13 16:20:04 INFO  HomePage:78 - Mousehovered to login button = [[ChromeDriver: chrome on XP (657ef46d248a4e5d3ad4377a7d7434a0)] -> xpath: //span[text()='Logga in']]
2018-01-13 16:20:05 INFO  HomePage:81 - Entered the username = [[ChromeDriver: chrome on XP (657ef46d248a4e5d3ad4377a7d7434a0)] -> xpath: //input[@name='j_username']]
2018-01-13 16:20:06 INFO  HomePage:83 - Entered the password = [[ChromeDriver: chrome on XP (657ef46d248a4e5d3ad4377a7d7434a0)] -> xpath: //input[@name='j_password']]
2018-01-13 16:20:25 INFO  HomePage:85 - Clicked login button = Proxy element for: DefaultElementLocator 'By.xpath: //input[@value='Logga in']'
2018-01-13 16:20:25 INFO  TestBase:35 - #######################Finished test to verify login details#####################################
2018-01-13 16:20:25 INFO  TestBase:27 - #######################Starting test to verify User registration details#####################################
